#! /opt/homebrew/Cellar/icarus-verilog/11.0/bin/vvp
:ivl_version "11.0 (stable)";
:ivl_delay_selection "TYPICAL";
:vpi_time_precision + 0;
:vpi_module "/opt/homebrew/Cellar/icarus-verilog/11.0/lib/ivl/system.vpi";
:vpi_module "/opt/homebrew/Cellar/icarus-verilog/11.0/lib/ivl/vhdl_sys.vpi";
:vpi_module "/opt/homebrew/Cellar/icarus-verilog/11.0/lib/ivl/vhdl_textio.vpi";
:vpi_module "/opt/homebrew/Cellar/icarus-verilog/11.0/lib/ivl/v2005_math.vpi";
:vpi_module "/opt/homebrew/Cellar/icarus-verilog/11.0/lib/ivl/va_math.vpi";
S_0x13b805d60 .scope module, "MUX_2IN_32DATA" "MUX_2IN_32DATA" 2 1;
 .timescale 0 0;
    .port_info 0 /INPUT 32 "in_0";
    .port_info 1 /INPUT 32 "in_1";
    .port_info 2 /INPUT 1 "select";
    .port_info 3 /OUTPUT 32 "out";
o0x120008010 .functor BUFZ 32, C4<zzzzzzzzzzzzzzzzzzzzzzzzzzzzzzzz>; HiZ drive
v0x13b808ff0_0 .net "in_0", 31 0, o0x120008010;  0 drivers
o0x120008040 .functor BUFZ 32, C4<zzzzzzzzzzzzzzzzzzzzzzzzzzzzzzzz>; HiZ drive
v0x13b81a390_0 .net "in_1", 31 0, o0x120008040;  0 drivers
v0x13b81a440_0 .var "out", 31 0;
o0x1200080a0 .functor BUFZ 1, C4<z>; HiZ drive
v0x13b81a500_0 .net "select", 0 0, o0x1200080a0;  0 drivers
E_0x13b805ed0 .event edge, v0x13b81a500_0, v0x13b81a390_0, v0x13b808ff0_0;
S_0x13b80a6b0 .scope module, "MUX_3IN_32DATA" "MUX_3IN_32DATA" 2 18;
 .timescale 0 0;
    .port_info 0 /INPUT 32 "in_0";
    .port_info 1 /INPUT 32 "in_1";
    .port_info 2 /INPUT 2 "select";
    .port_info 3 /OUTPUT 32 "out";
o0x120008190 .functor BUFZ 32, C4<zzzzzzzzzzzzzzzzzzzzzzzzzzzzzzzz>; HiZ drive
v0x13b81a640_0 .net "in_0", 31 0, o0x120008190;  0 drivers
o0x1200081c0 .functor BUFZ 32, C4<zzzzzzzzzzzzzzzzzzzzzzzzzzzzzzzz>; HiZ drive
v0x13b81a700_0 .net "in_1", 31 0, o0x1200081c0;  0 drivers
v0x13b81a7b0_0 .var "out", 31 0;
o0x120008220 .functor BUFZ 2, C4<zz>; HiZ drive
v0x13b81a870_0 .net "select", 1 0, o0x120008220;  0 drivers
E_0x13b81a600 .event edge, v0x13b81a870_0, v0x13b81a700_0, v0x13b81a640_0;
    .scope S_0x13b805d60;
T_0 ;
    %wait E_0x13b805ed0;
    %load/vec4 v0x13b81a500_0;
    %dup/vec4;
    %pushi/vec4 0, 0, 1;
    %cmp/u;
    %jmp/1 T_0.0, 6;
    %dup/vec4;
    %pushi/vec4 1, 0, 1;
    %cmp/u;
    %jmp/1 T_0.1, 6;
    %pushi/vec4 0, 2147483647, 32;
    %assign/vec4 v0x13b81a440_0, 0;
    %jmp T_0.3;
T_0.0 ;
    %load/vec4 v0x13b808ff0_0;
    %assign/vec4 v0x13b81a440_0, 0;
    %jmp T_0.3;
T_0.1 ;
    %load/vec4 v0x13b81a390_0;
    %assign/vec4 v0x13b81a440_0, 0;
    %jmp T_0.3;
T_0.3 ;
    %pop/vec4 1;
    %jmp T_0;
    .thread T_0, $push;
    .scope S_0x13b80a6b0;
T_1 ;
    %wait E_0x13b81a600;
    %load/vec4 v0x13b81a870_0;
    %dup/vec4;
    %pushi/vec4 0, 0, 2;
    %cmp/u;
    %jmp/1 T_1.0, 6;
    %dup/vec4;
    %pushi/vec4 1, 0, 2;
    %cmp/u;
    %jmp/1 T_1.1, 6;
    %pushi/vec4 0, 2147483647, 32;
    %assign/vec4 v0x13b81a7b0_0, 0;
    %jmp T_1.3;
T_1.0 ;
    %load/vec4 v0x13b81a640_0;
    %assign/vec4 v0x13b81a7b0_0, 0;
    %jmp T_1.3;
T_1.1 ;
    %load/vec4 v0x13b81a700_0;
    %assign/vec4 v0x13b81a7b0_0, 0;
    %jmp T_1.3;
T_1.3 ;
    %pop/vec4 1;
    %jmp T_1;
    .thread T_1, $push;
# The file index is used to find the file name in the following table.
:file_names 3;
    "N/A";
    "<interactive>";
    "mux.v";
